\BOOKMARK [1][-]{section.1}{Introduction}{}% 1
\BOOKMARK [2][-]{subsection.1.1}{Related Work}{section.1}% 2
\BOOKMARK [2][-]{subsection.1.2}{Overview of our Protocol}{section.1}% 3
\BOOKMARK [2][-]{subsection.1.3}{A Tale of Malleability and Extraction}{section.1}% 4
\BOOKMARK [2][-]{subsection.1.4}{The Resulting Protocol}{section.1}% 5
\BOOKMARK [1][-]{section.2}{Multi-Key FHE from ``Dual'' GSW}{}% 6
\BOOKMARK [2][-]{subsection.2.1}{Multi-Key FHE}{section.2}% 7
\BOOKMARK [3][-]{subsubsection.2.1.1}{A ``Dual'' LWE-Based Multi-Key FHE}{subsection.2.1}% 8
\BOOKMARK [3][-]{subsubsection.2.1.2}{Our Interactive Setup Procedure and its Security}{subsection.2.1}% 9
\BOOKMARK [3][-]{subsubsection.2.1.3}{An ILWE-Hard Protocol Under LWE}{subsection.2.1}% 10
\BOOKMARK [2][-]{subsection.2.2}{A Detour: The Need for Dual GSW}{section.2}% 11
\BOOKMARK [1][-]{section.3}{Other Preliminiaries}{}% 12
\BOOKMARK [2][-]{subsection.3.1}{Commitment Schemes}{section.3}% 13
\BOOKMARK [2][-]{subsection.3.2}{Interactive Proofs}{section.3}% 14
\BOOKMARK [2][-]{subsection.3.3}{Zero-Knowledge}{section.3}% 15
\BOOKMARK [2][-]{subsection.3.4}{Witness Indistinguishability}{section.3}% 16
\BOOKMARK [2][-]{subsection.3.5}{Proofs \(Arguments\) of Knowledge}{section.3}% 17
\BOOKMARK [2][-]{subsection.3.6}{Feige-Shamir ZK Proof Systems}{section.3}% 18
\BOOKMARK [1][-]{section.4}{Multi-Party Computation Protocol}{}% 19
\BOOKMARK [2][-]{subsection.4.1}{Proof of Security}{section.4}% 20
\BOOKMARK [3][-]{subsubsection.4.1.1}{Description of the Simulator}{subsection.4.1}% 21
\BOOKMARK [3][-]{subsubsection.4.1.2}{Proof of Indistinguishability}{subsection.4.1}% 22
\BOOKMARK [1][-]{appendix.A}{Secure Computation Definitions}{}% 23
